2017-11-09 16:43:37,866 [main] INFO  enterpriseShippingToolJobs.Clients.SmtpClient  - smtpClient instantiated
2017-11-09 16:43:45,992 [main] DEBUG enterpriseShippingToolJobs.Jobs.AutoManifest  - {shipperCode=D01333}
2017-11-09 16:43:46,001 [main] DEBUG enterpriseShippingToolJobs.Clients.ShipipngServiceClient  - end point: http://atp301p.qa.ch3.s.com:8380/ShippingServicesAPI/triggerManifestProcessing
 body: 
 {"shipperCode":"D01333"}
2017-11-09 16:43:49,765 [main] DEBUG enterpriseShippingToolJobs.Jobs.AutoManifest  - {"responseHeader":{"returnCode":"0","errorMessage":"SUCCESS","timestamp":"2017-11-09 16:43:48"},"processedPackagesResponseBody":{"results":[{"returnCode":"3018","message":"Unable to find the base rate chart for specified service, packaging, and terms","shipDate":"SHIPDATE_20151207","totalPackages":0,"closedOutPackages":0,"packageInfo":[],"unmanifestedPackageList":null},{"returnCode":"3018","message":"Unable to find UPS_RATE_CURRENCY_EFFECTIVE_DATE chart","shipDate":"SHIPDATE_20151209","totalPackages":0,"closedOutPackages":0,"packageInfo":[],"unmanifestedPackageList":null},{"returnCode":"3018","message":"Unable to find UPS_RATE_CURRENCY_EFFECTIVE_DATE chart","shipDate":"SHIPDATE_20151215","totalPackages":0,"closedOutPackages":0,"packageInfo":[],"unmanifestedPackageList":null},{"returnCode":"3018","message":"Unable to find UPS_RATE_CURRENCY_EFFECTIVE_DATE chart","shipDate":"SHIPDATE_20151216","totalPackages":0,"closedOutPackages":0,"packageInfo":[],"unmanifestedPackageList":null},{"returnCode":"3018","message":"Unable to find UPS_RATE_CURRENCY_EFFECTIVE_DATE chart","shipDate":"SHIPDATE_20151218","totalPackages":0,"closedOutPackages":0,"packageInfo":[],"unmanifestedPackageList":null}],"voidedPackages":[]}}
2017-11-09 16:43:49,773 [main] ERROR enterpriseShippingToolJobs.Jobs.AutoManifest  - Zero packages manifested.
2017-11-09 16:43:50,453 [main] DEBUG enterpriseShippingToolJobs.Jobs.AutoManifest  - {shipperCode=D01570}
2017-11-09 16:43:50,453 [main] DEBUG enterpriseShippingToolJobs.Clients.ShipipngServiceClient  - end point: http://atp301p.qa.ch3.s.com:8380/ShippingServicesAPI/triggerManifestProcessing
 body: 
 {"shipperCode":"D01570"}
2017-11-09 16:43:53,043 [main] DEBUG enterpriseShippingToolJobs.Jobs.AutoManifest  - {"responseHeader":{"returnCode":"0","errorMessage":"SUCCESS","timestamp":"2017-11-09 16:43:51"},"processedPackagesResponseBody":{"results":[{"returnCode":"3018","message":"Unable to find UPS_RATE_CURRENCY_EFFECTIVE_DATE chart","shipDate":"SHIPDATE_20150917","totalPackages":0,"closedOutPackages":0,"packageInfo":[],"unmanifestedPackageList":null},{"returnCode":"3018","message":"Unable to find UPS_RATE_CURRENCY_EFFECTIVE_DATE chart","shipDate":"SHIPDATE_20151001","totalPackages":0,"closedOutPackages":0,"packageInfo":[],"unmanifestedPackageList":null},{"returnCode":"3018","message":"Unable to find UPS_RATE_CURRENCY_EFFECTIVE_DATE chart","shipDate":"SHIPDATE_20151111","totalPackages":0,"closedOutPackages":0,"packageInfo":[],"unmanifestedPackageList":null},{"returnCode":"3018","message":"Unable to find UPS_RATE_CURRENCY_EFFECTIVE_DATE chart","shipDate":"SHIPDATE_20151207","totalPackages":0,"closedOutPackages":0,"packageInfo":[],"unmanifestedPackageList":null}],"voidedPackages":[]}}
2017-11-09 16:43:53,044 [main] ERROR enterpriseShippingToolJobs.Jobs.AutoManifest  - Zero packages manifested.
2017-11-09 16:43:53,711 [main] DEBUG enterpriseShippingToolJobs.Jobs.AutoManifest  - {shipperCode=D01380}
2017-11-09 16:43:53,711 [main] DEBUG enterpriseShippingToolJobs.Clients.ShipipngServiceClient  - end point: http://atp301p.qa.ch3.s.com:8380/ShippingServicesAPI/triggerManifestProcessing
 body: 
 {"shipperCode":"D01380"}
2017-11-09 16:43:54,374 [main] ERROR enterpriseShippingToolJobs.Jobs.AutoManifest  - Error processing auto manifest for dc: 0001380 with error: POST http://atp301p.qa.ch3.s.com:8380/ShippingServicesAPI/triggerManifestProcessing returned a response status of 500 Internal Server Error
2017-11-09 16:43:54,375 [main] ERROR enterpriseShippingToolJobs.Jobs.AutoManifest  - Error during manifest: Error occurred while processing manifest
2017-11-09 16:43:55,049 [main] DEBUG enterpriseShippingToolJobs.Jobs.AutoManifest  - {shipperCode=D01410}
2017-11-09 16:43:55,049 [main] DEBUG enterpriseShippingToolJobs.Clients.ShipipngServiceClient  - end point: http://atp301p.qa.ch3.s.com:8380/ShippingServicesAPI/triggerManifestProcessing
 body: 
 {"shipperCode":"D01410"}
2017-11-09 16:43:55,703 [main] ERROR enterpriseShippingToolJobs.Jobs.AutoManifest  - Error processing auto manifest for dc: 0001410 with error: POST http://atp301p.qa.ch3.s.com:8380/ShippingServicesAPI/triggerManifestProcessing returned a response status of 500 Internal Server Error
2017-11-09 16:43:55,703 [main] ERROR enterpriseShippingToolJobs.Jobs.AutoManifest  - Error during manifest: Error occurred while processing manifest
2017-11-09 16:43:56,384 [main] DEBUG enterpriseShippingToolJobs.Jobs.AutoManifest  - {shipperCode=K4433}
2017-11-09 16:43:56,384 [main] DEBUG enterpriseShippingToolJobs.Clients.ShipipngServiceClient  - end point: http://atp301p.qa.ch3.s.com:8380/ShippingServicesAPI/triggerManifestProcessing
 body: 
 {"shipperCode":"K4433"}
2017-11-09 16:43:58,037 [main] DEBUG enterpriseShippingToolJobs.Jobs.AutoManifest  - {"responseHeader":{"returnCode":"0","errorMessage":"SUCCESS","timestamp":"2017-11-09 16:43:56"},"processedPackagesResponseBody":{"results":[{"returnCode":"0","message":"No error","shipDate":"SHIPDATE_20171031","totalPackages":0,"closedOutPackages":2,"packageInfo":[{"trackingNum":"1Z0236Y50300002427","shipper":"K4433","msn":"18633","closedOut":"Y","service":"CONNECTSHIP_UPS.UPS.GND","shipdate":"2017-10-31","pldInfo":{"shipDate":"2017-10-31","pickupRecordNum":"1231234583","pldBookNum":"1231234","pldPageNum":"58","pldFileName":"October 31, 2017 #2","pldSeq":"2","pldSymbol":"4351"},"voided":false},{"trackingNum":"1Z0236Y50300002436","shipper":"K4433","msn":"18634","closedOut":"Y","service":"CONNECTSHIP_UPS.UPS.GND","shipdate":"2017-10-31","pldInfo":{"shipDate":"2017-10-31","pickupRecordNum":"1231234583","pldBookNum":"1231234","pldPageNum":"58","pldFileName":"October 31, 2017 #2","pldSeq":"2","pldSymbol":"4351"},"voided":false}],"unmanifestedPackageList":null}],"voidedPackages":[]}}
2017-11-09 16:43:59,386 [main] DEBUG enterpriseShippingToolJobs.Jobs.AutoManifest  - {shipperCode=null}
2017-11-09 16:43:59,387 [main] DEBUG enterpriseShippingToolJobs.Clients.ShipipngServiceClient  - end point: http://atp301p.qa.ch3.s.com:8380/ShippingServicesAPI/triggerManifestProcessing
 body: 
 {}
2017-11-09 16:43:59,902 [main] ERROR enterpriseShippingToolJobs.Jobs.AutoManifest  - Error processing auto manifest for dc: 58491 with error: POST http://atp301p.qa.ch3.s.com:8380/ShippingServicesAPI/triggerManifestProcessing returned a response status of 500 Internal Server Error
2017-11-09 16:43:59,902 [main] ERROR enterpriseShippingToolJobs.Jobs.AutoManifest  - Error during manifest: Error occurred while processing manifest
2017-11-09 16:44:00,588 [main] DEBUG enterpriseShippingToolJobs.Jobs.AutoManifest  - {shipperCode=K0847}
2017-11-09 16:44:00,588 [main] DEBUG enterpriseShippingToolJobs.Clients.ShipipngServiceClient  - end point: http://atp301p.qa.ch3.s.com:8380/ShippingServicesAPI/triggerManifestProcessing
 body: 
 {"shipperCode":"K0847"}
2017-11-09 16:44:01,233 [main] ERROR enterpriseShippingToolJobs.Jobs.AutoManifest  - Error processing auto manifest for dc: 0847 with error: POST http://atp301p.qa.ch3.s.com:8380/ShippingServicesAPI/triggerManifestProcessing returned a response status of 500 Internal Server Error
2017-11-09 16:44:01,234 [main] ERROR enterpriseShippingToolJobs.Jobs.AutoManifest  - Error during manifest: Error occurred while processing manifest
2017-11-23 17:46:20,582 [main] ERROR enterpriseShippingToolJobs.Applications.MainApp  - Exception occured in main. 
org.springframework.beans.factory.BeanDefinitionStoreException: Invalid bean definition with name 'mailSender' defined in class path resource [application-context.xml]: Could not resolve placeholder 'bpt.smtp.host' in string value "${bpt.smtp.host}"; nested exception is java.lang.IllegalArgumentException: Could not resolve placeholder 'bpt.smtp.host' in string value "${bpt.smtp.host}"
	at org.springframework.beans.factory.config.PlaceholderConfigurerSupport.doProcessProperties(PlaceholderConfigurerSupport.java:211)
	at org.springframework.context.support.PropertySourcesPlaceholderConfigurer.processProperties(PropertySourcesPlaceholderConfigurer.java:180)
	at org.springframework.context.support.PropertySourcesPlaceholderConfigurer.postProcessBeanFactory(PropertySourcesPlaceholderConfigurer.java:155)
	at org.springframework.context.support.PostProcessorRegistrationDelegate.invokeBeanFactoryPostProcessors(PostProcessorRegistrationDelegate.java:265)
	at org.springframework.context.support.PostProcessorRegistrationDelegate.invokeBeanFactoryPostProcessors(PostProcessorRegistrationDelegate.java:162)
	at org.springframework.context.support.AbstractApplicationContext.invokeBeanFactoryPostProcessors(AbstractApplicationContext.java:606)
	at org.springframework.context.support.AbstractApplicationContext.refresh(AbstractApplicationContext.java:462)
	at org.springframework.context.support.ClassPathXmlApplicationContext.<init>(ClassPathXmlApplicationContext.java:139)
	at org.springframework.context.support.ClassPathXmlApplicationContext.<init>(ClassPathXmlApplicationContext.java:83)
	at com.shc.scinventory.enterpriseShippingToolJobs.Applications.MainApp.main(MainApp.java:28)
Caused by: java.lang.IllegalArgumentException: Could not resolve placeholder 'bpt.smtp.host' in string value "${bpt.smtp.host}"
	at org.springframework.util.PropertyPlaceholderHelper.parseStringValue(PropertyPlaceholderHelper.java:174)
	at org.springframework.util.PropertyPlaceholderHelper.replacePlaceholders(PropertyPlaceholderHelper.java:126)
	at org.springframework.core.env.AbstractPropertyResolver.doResolvePlaceholders(AbstractPropertyResolver.java:204)
	at org.springframework.core.env.AbstractPropertyResolver.resolveRequiredPlaceholders(AbstractPropertyResolver.java:178)
	at org.springframework.context.support.PropertySourcesPlaceholderConfigurer$2.resolveStringValue(PropertySourcesPlaceholderConfigurer.java:175)
	at org.springframework.beans.factory.config.BeanDefinitionVisitor.resolveStringValue(BeanDefinitionVisitor.java:282)
	at org.springframework.beans.factory.config.BeanDefinitionVisitor.resolveValue(BeanDefinitionVisitor.java:204)
	at org.springframework.beans.factory.config.BeanDefinitionVisitor.visitPropertyValues(BeanDefinitionVisitor.java:141)
	at org.springframework.beans.factory.config.BeanDefinitionVisitor.visitBeanDefinition(BeanDefinitionVisitor.java:82)
	at org.springframework.beans.factory.config.PlaceholderConfigurerSupport.doProcessProperties(PlaceholderConfigurerSupport.java:208)
	... 9 more
2017-11-23 17:47:56,046 [main] ERROR enterpriseShippingToolJobs.Applications.MainApp  - Exception occured in main. 
org.springframework.beans.factory.BeanDefinitionStoreException: Invalid bean definition with name 'mailSender' defined in class path resource [application-context.xml]: Could not resolve placeholder 'bpt.smtp.host' in string value "${bpt.smtp.host}"; nested exception is java.lang.IllegalArgumentException: Could not resolve placeholder 'bpt.smtp.host' in string value "${bpt.smtp.host}"
	at org.springframework.beans.factory.config.PlaceholderConfigurerSupport.doProcessProperties(PlaceholderConfigurerSupport.java:211)
	at org.springframework.context.support.PropertySourcesPlaceholderConfigurer.processProperties(PropertySourcesPlaceholderConfigurer.java:180)
	at org.springframework.context.support.PropertySourcesPlaceholderConfigurer.postProcessBeanFactory(PropertySourcesPlaceholderConfigurer.java:155)
	at org.springframework.context.support.PostProcessorRegistrationDelegate.invokeBeanFactoryPostProcessors(PostProcessorRegistrationDelegate.java:265)
	at org.springframework.context.support.PostProcessorRegistrationDelegate.invokeBeanFactoryPostProcessors(PostProcessorRegistrationDelegate.java:162)
	at org.springframework.context.support.AbstractApplicationContext.invokeBeanFactoryPostProcessors(AbstractApplicationContext.java:606)
	at org.springframework.context.support.AbstractApplicationContext.refresh(AbstractApplicationContext.java:462)
	at org.springframework.context.support.ClassPathXmlApplicationContext.<init>(ClassPathXmlApplicationContext.java:139)
	at org.springframework.context.support.ClassPathXmlApplicationContext.<init>(ClassPathXmlApplicationContext.java:83)
	at com.shc.scinventory.enterpriseShippingToolJobs.Applications.MainApp.main(MainApp.java:28)
Caused by: java.lang.IllegalArgumentException: Could not resolve placeholder 'bpt.smtp.host' in string value "${bpt.smtp.host}"
	at org.springframework.util.PropertyPlaceholderHelper.parseStringValue(PropertyPlaceholderHelper.java:174)
	at org.springframework.util.PropertyPlaceholderHelper.replacePlaceholders(PropertyPlaceholderHelper.java:126)
	at org.springframework.core.env.AbstractPropertyResolver.doResolvePlaceholders(AbstractPropertyResolver.java:204)
	at org.springframework.core.env.AbstractPropertyResolver.resolveRequiredPlaceholders(AbstractPropertyResolver.java:178)
	at org.springframework.context.support.PropertySourcesPlaceholderConfigurer$2.resolveStringValue(PropertySourcesPlaceholderConfigurer.java:175)
	at org.springframework.beans.factory.config.BeanDefinitionVisitor.resolveStringValue(BeanDefinitionVisitor.java:282)
	at org.springframework.beans.factory.config.BeanDefinitionVisitor.resolveValue(BeanDefinitionVisitor.java:204)
	at org.springframework.beans.factory.config.BeanDefinitionVisitor.visitPropertyValues(BeanDefinitionVisitor.java:141)
	at org.springframework.beans.factory.config.BeanDefinitionVisitor.visitBeanDefinition(BeanDefinitionVisitor.java:82)
	at org.springframework.beans.factory.config.PlaceholderConfigurerSupport.doProcessProperties(PlaceholderConfigurerSupport.java:208)
	... 9 more
2017-11-24 14:11:36,165 [main] INFO  enterpriseShippingToolJobs.Clients.SmtpClient  - smtpClient instantiated
2017-11-24 14:12:40,842 [main] INFO  enterpriseShippingToolJobs.Clients.SmtpClient  - smtpClient instantiated
2017-11-24 14:13:38,244 [main] INFO  enterpriseShippingToolJobs.Clients.SmtpClient  - smtpClient instantiated
2017-11-24 14:13:40,855 [main] ERROR enterpriseShippingToolJobs.Applications.MainApp  - Exception occured in main. 
java.lang.NullPointerException
	at com.shc.scinventory.enterpriseShippingToolJobs.Jobs.StatusUpdateJob.run(StatusUpdateJob.java:23)
	at com.shc.scinventory.enterpriseShippingToolJobs.Handlers.JobsHandler.executeJob(JobsHandler.java:102)
	at com.shc.scinventory.enterpriseShippingToolJobs.Applications.MainApp.main(MainApp.java:31)
2017-11-27 12:03:18,690 [main] ERROR enterpriseShippingToolJobs.Applications.MainApp  - Exception occured in main. 
org.springframework.beans.factory.BeanDefinitionStoreException: Invalid bean definition with name 'mailSender' defined in class path resource [application-context.xml]: Could not resolve placeholder 'bpt.smtp.host' in string value "${bpt.smtp.host}"; nested exception is java.lang.IllegalArgumentException: Could not resolve placeholder 'bpt.smtp.host' in string value "${bpt.smtp.host}"
	at org.springframework.beans.factory.config.PlaceholderConfigurerSupport.doProcessProperties(PlaceholderConfigurerSupport.java:211)
	at org.springframework.context.support.PropertySourcesPlaceholderConfigurer.processProperties(PropertySourcesPlaceholderConfigurer.java:180)
	at org.springframework.context.support.PropertySourcesPlaceholderConfigurer.postProcessBeanFactory(PropertySourcesPlaceholderConfigurer.java:155)
	at org.springframework.context.support.PostProcessorRegistrationDelegate.invokeBeanFactoryPostProcessors(PostProcessorRegistrationDelegate.java:265)
	at org.springframework.context.support.PostProcessorRegistrationDelegate.invokeBeanFactoryPostProcessors(PostProcessorRegistrationDelegate.java:162)
	at org.springframework.context.support.AbstractApplicationContext.invokeBeanFactoryPostProcessors(AbstractApplicationContext.java:606)
	at org.springframework.context.support.AbstractApplicationContext.refresh(AbstractApplicationContext.java:462)
	at org.springframework.context.support.ClassPathXmlApplicationContext.<init>(ClassPathXmlApplicationContext.java:139)
	at org.springframework.context.support.ClassPathXmlApplicationContext.<init>(ClassPathXmlApplicationContext.java:83)
	at com.shc.scinventory.enterpriseShippingToolJobs.Applications.MainApp.main(MainApp.java:28)
Caused by: java.lang.IllegalArgumentException: Could not resolve placeholder 'bpt.smtp.host' in string value "${bpt.smtp.host}"
	at org.springframework.util.PropertyPlaceholderHelper.parseStringValue(PropertyPlaceholderHelper.java:174)
	at org.springframework.util.PropertyPlaceholderHelper.replacePlaceholders(PropertyPlaceholderHelper.java:126)
	at org.springframework.core.env.AbstractPropertyResolver.doResolvePlaceholders(AbstractPropertyResolver.java:204)
	at org.springframework.core.env.AbstractPropertyResolver.resolveRequiredPlaceholders(AbstractPropertyResolver.java:178)
	at org.springframework.context.support.PropertySourcesPlaceholderConfigurer$2.resolveStringValue(PropertySourcesPlaceholderConfigurer.java:175)
	at org.springframework.beans.factory.config.BeanDefinitionVisitor.resolveStringValue(BeanDefinitionVisitor.java:282)
	at org.springframework.beans.factory.config.BeanDefinitionVisitor.resolveValue(BeanDefinitionVisitor.java:204)
	at org.springframework.beans.factory.config.BeanDefinitionVisitor.visitPropertyValues(BeanDefinitionVisitor.java:141)
	at org.springframework.beans.factory.config.BeanDefinitionVisitor.visitBeanDefinition(BeanDefinitionVisitor.java:82)
	at org.springframework.beans.factory.config.PlaceholderConfigurerSupport.doProcessProperties(PlaceholderConfigurerSupport.java:208)
	... 9 more
2017-12-05 12:58:09,332 [main] ERROR enterpriseShippingToolJobs.Applications.MainApp  - An exception has occured in main method: Was passed main parameter 'faq/faq.txt' but no main parameter was defined
2017-12-05 12:58:26,667 [main] ERROR enterpriseShippingToolJobs.Applications.MainApp  - Exception occured in main. 
org.springframework.beans.factory.BeanDefinitionStoreException: Invalid bean definition with name 'mailSender' defined in class path resource [application-context.xml]: Could not resolve placeholder 'bpt.smtp.host' in string value "${bpt.smtp.host}"; nested exception is java.lang.IllegalArgumentException: Could not resolve placeholder 'bpt.smtp.host' in string value "${bpt.smtp.host}"
	at org.springframework.beans.factory.config.PlaceholderConfigurerSupport.doProcessProperties(PlaceholderConfigurerSupport.java:211)
	at org.springframework.context.support.PropertySourcesPlaceholderConfigurer.processProperties(PropertySourcesPlaceholderConfigurer.java:180)
	at org.springframework.context.support.PropertySourcesPlaceholderConfigurer.postProcessBeanFactory(PropertySourcesPlaceholderConfigurer.java:155)
	at org.springframework.context.support.PostProcessorRegistrationDelegate.invokeBeanFactoryPostProcessors(PostProcessorRegistrationDelegate.java:265)
	at org.springframework.context.support.PostProcessorRegistrationDelegate.invokeBeanFactoryPostProcessors(PostProcessorRegistrationDelegate.java:162)
	at org.springframework.context.support.AbstractApplicationContext.invokeBeanFactoryPostProcessors(AbstractApplicationContext.java:606)
	at org.springframework.context.support.AbstractApplicationContext.refresh(AbstractApplicationContext.java:462)
	at org.springframework.context.support.ClassPathXmlApplicationContext.<init>(ClassPathXmlApplicationContext.java:139)
	at org.springframework.context.support.ClassPathXmlApplicationContext.<init>(ClassPathXmlApplicationContext.java:83)
	at com.shc.scinventory.enterpriseShippingToolJobs.Applications.MainApp.main(MainApp.java:28)
Caused by: java.lang.IllegalArgumentException: Could not resolve placeholder 'bpt.smtp.host' in string value "${bpt.smtp.host}"
	at org.springframework.util.PropertyPlaceholderHelper.parseStringValue(PropertyPlaceholderHelper.java:174)
	at org.springframework.util.PropertyPlaceholderHelper.replacePlaceholders(PropertyPlaceholderHelper.java:126)
	at org.springframework.core.env.AbstractPropertyResolver.doResolvePlaceholders(AbstractPropertyResolver.java:204)
	at org.springframework.core.env.AbstractPropertyResolver.resolveRequiredPlaceholders(AbstractPropertyResolver.java:178)
	at org.springframework.context.support.PropertySourcesPlaceholderConfigurer$2.resolveStringValue(PropertySourcesPlaceholderConfigurer.java:175)
	at org.springframework.beans.factory.config.BeanDefinitionVisitor.resolveStringValue(BeanDefinitionVisitor.java:282)
	at org.springframework.beans.factory.config.BeanDefinitionVisitor.resolveValue(BeanDefinitionVisitor.java:204)
	at org.springframework.beans.factory.config.BeanDefinitionVisitor.visitPropertyValues(BeanDefinitionVisitor.java:141)
	at org.springframework.beans.factory.config.BeanDefinitionVisitor.visitBeanDefinition(BeanDefinitionVisitor.java:82)
	at org.springframework.beans.factory.config.PlaceholderConfigurerSupport.doProcessProperties(PlaceholderConfigurerSupport.java:208)
	... 9 more
2017-12-05 13:02:36,706 [main] INFO  enterpriseShippingToolJobs.Clients.SmtpClient  - smtpClient instantiated
2017-12-05 13:04:53,448 [main] INFO  enterpriseShippingToolJobs.Clients.SmtpClient  - smtpClient instantiated
2017-12-05 13:32:54,675 [main] INFO  enterpriseShippingToolJobs.Clients.SmtpClient  - smtpClient instantiated
2017-12-05 13:34:46,292 [main] INFO  enterpriseShippingToolJobs.Clients.SmtpClient  - smtpClient instantiated
2017-12-05 13:35:19,788 [main] INFO  enterpriseShippingToolJobs.Clients.SmtpClient  - smtpClient instantiated
2017-12-05 13:35:54,120 [main] INFO  enterpriseShippingToolJobs.Clients.SmtpClient  - smtpClient instantiated
2017-12-05 13:36:10,801 [main] INFO  enterpriseShippingToolJobs.Clients.SmtpClient  - smtpClient instantiated
2017-12-05 13:36:25,421 [main] INFO  enterpriseShippingToolJobs.Clients.SmtpClient  - smtpClient instantiated
2017-12-05 13:36:49,829 [main] INFO  enterpriseShippingToolJobs.Clients.SmtpClient  - smtpClient instantiated
2017-12-05 14:07:25,910 [main] INFO  enterpriseShippingToolJobs.Clients.SmtpClient  - smtpClient instantiated
2017-12-05 14:10:47,281 [main] INFO  enterpriseShippingToolJobs.Clients.SmtpClient  - smtpClient instantiated
2017-12-05 14:13:36,526 [main] INFO  enterpriseShippingToolJobs.Clients.SmtpClient  - smtpClient instantiated
2017-12-05 14:14:08,880 [main] INFO  enterpriseShippingToolJobs.Clients.SmtpClient  - smtpClient instantiated
2017-12-05 14:15:31,502 [main] INFO  enterpriseShippingToolJobs.Clients.SmtpClient  - smtpClient instantiated
2017-12-05 14:16:43,230 [main] INFO  enterpriseShippingToolJobs.Clients.SmtpClient  - smtpClient instantiated
2017-12-05 15:28:06,895 [main] INFO  enterpriseShippingToolJobs.Clients.SmtpClient  - smtpClient instantiated
2017-12-05 15:28:07,095 [main] ERROR enterpriseShippingToolJobs.Daos.UnitInfoDao  - An error has occured in getAllUnitInfo method with error msg: Could not get JDBC Connection; nested exception is com.mysql.jdbc.exceptions.jdbc4.CommunicationsException: Communications link failure

The last packet sent successfully to the server was 0 milliseconds ago. The driver has not received any packets from the server.
org.springframework.jdbc.CannotGetJdbcConnectionException: Could not get JDBC Connection; nested exception is com.mysql.jdbc.exceptions.jdbc4.CommunicationsException: Communications link failure

The last packet sent successfully to the server was 0 milliseconds ago. The driver has not received any packets from the server.
	at org.springframework.jdbc.datasource.DataSourceUtils.getConnection(DataSourceUtils.java:80)
	at org.springframework.jdbc.core.JdbcTemplate.execute(JdbcTemplate.java:391)
	at org.springframework.jdbc.core.JdbcTemplate.query(JdbcTemplate.java:471)
	at org.springframework.jdbc.core.JdbcTemplate.query(JdbcTemplate.java:481)
	at com.shc.scinventory.enterpriseShippingToolJobs.Daos.UnitInfoDao.getAllUnitInfo(UnitInfoDao.java:85)
	at com.shc.scinventory.enterpriseShippingToolJobs.Daos.UnitInfoDao.init(UnitInfoDao.java:68)
	at sun.reflect.NativeMethodAccessorImpl.invoke0(Native Method)
	at sun.reflect.NativeMethodAccessorImpl.invoke(NativeMethodAccessorImpl.java:62)
	at sun.reflect.DelegatingMethodAccessorImpl.invoke(DelegatingMethodAccessorImpl.java:43)
	at java.lang.reflect.Method.invoke(Method.java:498)
	at org.springframework.beans.factory.annotation.InitDestroyAnnotationBeanPostProcessor$LifecycleElement.invoke(InitDestroyAnnotationBeanPostProcessor.java:349)
	at org.springframework.beans.factory.annotation.InitDestroyAnnotationBeanPostProcessor$LifecycleMetadata.invokeInitMethods(InitDestroyAnnotationBeanPostProcessor.java:300)
	at org.springframework.beans.factory.annotation.InitDestroyAnnotationBeanPostProcessor.postProcessBeforeInitialization(InitDestroyAnnotationBeanPostProcessor.java:133)
	at org.springframework.beans.factory.support.AbstractAutowireCapableBeanFactory.applyBeanPostProcessorsBeforeInitialization(AbstractAutowireCapableBeanFactory.java:408)
	at org.springframework.beans.factory.support.AbstractAutowireCapableBeanFactory.initializeBean(AbstractAutowireCapableBeanFactory.java:1558)
	at org.springframework.beans.factory.support.AbstractAutowireCapableBeanFactory.doCreateBean(AbstractAutowireCapableBeanFactory.java:539)
	at org.springframework.beans.factory.support.AbstractAutowireCapableBeanFactory.createBean(AbstractAutowireCapableBeanFactory.java:476)
	at org.springframework.beans.factory.support.AbstractBeanFactory$1.getObject(AbstractBeanFactory.java:303)
	at org.springframework.beans.factory.support.DefaultSingletonBeanRegistry.getSingleton(DefaultSingletonBeanRegistry.java:230)
	at org.springframework.beans.factory.support.AbstractBeanFactory.doGetBean(AbstractBeanFactory.java:299)
	at org.springframework.beans.factory.support.AbstractBeanFactory.getBean(AbstractBeanFactory.java:194)
	at org.springframework.beans.factory.support.DefaultListableBeanFactory.findAutowireCandidates(DefaultListableBeanFactory.java:1127)
	at org.springframework.beans.factory.support.DefaultListableBeanFactory.doResolveDependency(DefaultListableBeanFactory.java:1051)
	at org.springframework.beans.factory.support.DefaultListableBeanFactory.resolveDependency(DefaultListableBeanFactory.java:949)
	at org.springframework.beans.factory.annotation.AutowiredAnnotationBeanPostProcessor$AutowiredFieldElement.inject(AutowiredAnnotationBeanPostProcessor.java:533)
	at org.springframework.beans.factory.annotation.InjectionMetadata.inject(InjectionMetadata.java:88)
	at org.springframework.beans.factory.annotation.AutowiredAnnotationBeanPostProcessor.postProcessPropertyValues(AutowiredAnnotationBeanPostProcessor.java:331)
	at org.springframework.beans.factory.support.AbstractAutowireCapableBeanFactory.populateBean(AbstractAutowireCapableBeanFactory.java:1202)
	at org.springframework.beans.factory.support.AbstractAutowireCapableBeanFactory.doCreateBean(AbstractAutowireCapableBeanFactory.java:537)
	at org.springframework.beans.factory.support.AbstractAutowireCapableBeanFactory.createBean(AbstractAutowireCapableBeanFactory.java:476)
	at org.springframework.beans.factory.support.AbstractBeanFactory$1.getObject(AbstractBeanFactory.java:303)
	at org.springframework.beans.factory.support.DefaultSingletonBeanRegistry.getSingleton(DefaultSingletonBeanRegistry.java:230)
	at org.springframework.beans.factory.support.AbstractBeanFactory.doGetBean(AbstractBeanFactory.java:299)
	at org.springframework.beans.factory.support.AbstractBeanFactory.getBean(AbstractBeanFactory.java:194)
	at org.springframework.beans.factory.support.DefaultListableBeanFactory.preInstantiateSingletons(DefaultListableBeanFactory.java:762)
	at org.springframework.context.support.AbstractApplicationContext.finishBeanFactoryInitialization(AbstractApplicationContext.java:757)
	at org.springframework.context.support.AbstractApplicationContext.refresh(AbstractApplicationContext.java:480)
	at org.springframework.context.support.ClassPathXmlApplicationContext.<init>(ClassPathXmlApplicationContext.java:139)
	at org.springframework.context.support.ClassPathXmlApplicationContext.<init>(ClassPathXmlApplicationContext.java:83)
	at com.shc.scinventory.enterpriseShippingToolJobs.Applications.MainApp.main(MainApp.java:28)
Caused by: com.mysql.jdbc.exceptions.jdbc4.CommunicationsException: Communications link failure

The last packet sent successfully to the server was 0 milliseconds ago. The driver has not received any packets from the server.
	at sun.reflect.NativeConstructorAccessorImpl.newInstance0(Native Method)
	at sun.reflect.NativeConstructorAccessorImpl.newInstance(NativeConstructorAccessorImpl.java:62)
	at sun.reflect.DelegatingConstructorAccessorImpl.newInstance(DelegatingConstructorAccessorImpl.java:45)
	at java.lang.reflect.Constructor.newInstance(Constructor.java:423)
	at com.mysql.jdbc.Util.handleNewInstance(Util.java:404)
	at com.mysql.jdbc.SQLError.createCommunicationsException(SQLError.java:988)
	at com.mysql.jdbc.MysqlIO.<init>(MysqlIO.java:341)
	at com.mysql.jdbc.ConnectionImpl.coreConnect(ConnectionImpl.java:2251)
	at com.mysql.jdbc.ConnectionImpl.connectOneTryOnly(ConnectionImpl.java:2284)
	at com.mysql.jdbc.ConnectionImpl.createNewIO(ConnectionImpl.java:2083)
	at com.mysql.jdbc.ConnectionImpl.<init>(ConnectionImpl.java:806)
	at com.mysql.jdbc.JDBC4Connection.<init>(JDBC4Connection.java:47)
	at sun.reflect.NativeConstructorAccessorImpl.newInstance0(Native Method)
	at sun.reflect.NativeConstructorAccessorImpl.newInstance(NativeConstructorAccessorImpl.java:62)
	at sun.reflect.DelegatingConstructorAccessorImpl.newInstance(DelegatingConstructorAccessorImpl.java:45)
	at java.lang.reflect.Constructor.newInstance(Constructor.java:423)
	at com.mysql.jdbc.Util.handleNewInstance(Util.java:404)
	at com.mysql.jdbc.ConnectionImpl.getInstance(ConnectionImpl.java:410)
	at com.mysql.jdbc.NonRegisteringDriver.connect(NonRegisteringDriver.java:328)
	at java.sql.DriverManager.getConnection(DriverManager.java:664)
	at java.sql.DriverManager.getConnection(DriverManager.java:208)
	at org.springframework.jdbc.datasource.DriverManagerDataSource.getConnectionFromDriverManager(DriverManagerDataSource.java:153)
	at org.springframework.jdbc.datasource.DriverManagerDataSource.getConnectionFromDriver(DriverManagerDataSource.java:144)
	at org.springframework.jdbc.datasource.AbstractDriverBasedDataSource.getConnectionFromDriver(AbstractDriverBasedDataSource.java:155)
	at org.springframework.jdbc.datasource.AbstractDriverBasedDataSource.getConnection(AbstractDriverBasedDataSource.java:120)
	at org.springframework.jdbc.datasource.DataSourceUtils.doGetConnection(DataSourceUtils.java:111)
	at org.springframework.jdbc.datasource.DataSourceUtils.getConnection(DataSourceUtils.java:77)
	... 39 more
Caused by: java.net.UnknownHostException: dvssd.dev.ch3.s.com: nodename nor servname provided, or not known
	at java.net.Inet6AddressImpl.lookupAllHostAddr(Native Method)
	at java.net.InetAddress$2.lookupAllHostAddr(InetAddress.java:928)
	at java.net.InetAddress.getAddressesFromNameService(InetAddress.java:1323)
	at java.net.InetAddress.getAllByName0(InetAddress.java:1276)
	at java.net.InetAddress.getAllByName(InetAddress.java:1192)
	at java.net.InetAddress.getAllByName(InetAddress.java:1126)
	at com.mysql.jdbc.StandardSocketFactory.connect(StandardSocketFactory.java:188)
	at com.mysql.jdbc.MysqlIO.<init>(MysqlIO.java:300)
	... 59 more
2017-12-05 15:28:07,097 [main] ERROR enterpriseShippingToolJobs.Daos.UnitInfoDao  - An error has occured when initializing UnitInfo table. Error msg: null
java.lang.NullPointerException
	at com.shc.scinventory.enterpriseShippingToolJobs.Daos.UnitInfoDao.init(UnitInfoDao.java:69)
	at sun.reflect.NativeMethodAccessorImpl.invoke0(Native Method)
	at sun.reflect.NativeMethodAccessorImpl.invoke(NativeMethodAccessorImpl.java:62)
	at sun.reflect.DelegatingMethodAccessorImpl.invoke(DelegatingMethodAccessorImpl.java:43)
	at java.lang.reflect.Method.invoke(Method.java:498)
	at org.springframework.beans.factory.annotation.InitDestroyAnnotationBeanPostProcessor$LifecycleElement.invoke(InitDestroyAnnotationBeanPostProcessor.java:349)
	at org.springframework.beans.factory.annotation.InitDestroyAnnotationBeanPostProcessor$LifecycleMetadata.invokeInitMethods(InitDestroyAnnotationBeanPostProcessor.java:300)
	at org.springframework.beans.factory.annotation.InitDestroyAnnotationBeanPostProcessor.postProcessBeforeInitialization(InitDestroyAnnotationBeanPostProcessor.java:133)
	at org.springframework.beans.factory.support.AbstractAutowireCapableBeanFactory.applyBeanPostProcessorsBeforeInitialization(AbstractAutowireCapableBeanFactory.java:408)
	at org.springframework.beans.factory.support.AbstractAutowireCapableBeanFactory.initializeBean(AbstractAutowireCapableBeanFactory.java:1558)
	at org.springframework.beans.factory.support.AbstractAutowireCapableBeanFactory.doCreateBean(AbstractAutowireCapableBeanFactory.java:539)
	at org.springframework.beans.factory.support.AbstractAutowireCapableBeanFactory.createBean(AbstractAutowireCapableBeanFactory.java:476)
	at org.springframework.beans.factory.support.AbstractBeanFactory$1.getObject(AbstractBeanFactory.java:303)
	at org.springframework.beans.factory.support.DefaultSingletonBeanRegistry.getSingleton(DefaultSingletonBeanRegistry.java:230)
	at org.springframework.beans.factory.support.AbstractBeanFactory.doGetBean(AbstractBeanFactory.java:299)
	at org.springframework.beans.factory.support.AbstractBeanFactory.getBean(AbstractBeanFactory.java:194)
	at org.springframework.beans.factory.support.DefaultListableBeanFactory.findAutowireCandidates(DefaultListableBeanFactory.java:1127)
	at org.springframework.beans.factory.support.DefaultListableBeanFactory.doResolveDependency(DefaultListableBeanFactory.java:1051)
	at org.springframework.beans.factory.support.DefaultListableBeanFactory.resolveDependency(DefaultListableBeanFactory.java:949)
	at org.springframework.beans.factory.annotation.AutowiredAnnotationBeanPostProcessor$AutowiredFieldElement.inject(AutowiredAnnotationBeanPostProcessor.java:533)
	at org.springframework.beans.factory.annotation.InjectionMetadata.inject(InjectionMetadata.java:88)
	at org.springframework.beans.factory.annotation.AutowiredAnnotationBeanPostProcessor.postProcessPropertyValues(AutowiredAnnotationBeanPostProcessor.java:331)
	at org.springframework.beans.factory.support.AbstractAutowireCapableBeanFactory.populateBean(AbstractAutowireCapableBeanFactory.java:1202)
	at org.springframework.beans.factory.support.AbstractAutowireCapableBeanFactory.doCreateBean(AbstractAutowireCapableBeanFactory.java:537)
	at org.springframework.beans.factory.support.AbstractAutowireCapableBeanFactory.createBean(AbstractAutowireCapableBeanFactory.java:476)
	at org.springframework.beans.factory.support.AbstractBeanFactory$1.getObject(AbstractBeanFactory.java:303)
	at org.springframework.beans.factory.support.DefaultSingletonBeanRegistry.getSingleton(DefaultSingletonBeanRegistry.java:230)
	at org.springframework.beans.factory.support.AbstractBeanFactory.doGetBean(AbstractBeanFactory.java:299)
	at org.springframework.beans.factory.support.AbstractBeanFactory.getBean(AbstractBeanFactory.java:194)
	at org.springframework.beans.factory.support.DefaultListableBeanFactory.preInstantiateSingletons(DefaultListableBeanFactory.java:762)
	at org.springframework.context.support.AbstractApplicationContext.finishBeanFactoryInitialization(AbstractApplicationContext.java:757)
	at org.springframework.context.support.AbstractApplicationContext.refresh(AbstractApplicationContext.java:480)
	at org.springframework.context.support.ClassPathXmlApplicationContext.<init>(ClassPathXmlApplicationContext.java:139)
	at org.springframework.context.support.ClassPathXmlApplicationContext.<init>(ClassPathXmlApplicationContext.java:83)
	at com.shc.scinventory.enterpriseShippingToolJobs.Applications.MainApp.main(MainApp.java:28)
2017-12-05 15:28:07,118 [main] ERROR dao.casimpl.ConfigurationDaoImpl  - An error has occured in getAllConfigs method with error msg: Could not get JDBC Connection; nested exception is com.mysql.jdbc.exceptions.jdbc4.CommunicationsException: Communications link failure

The last packet sent successfully to the server was 0 milliseconds ago. The driver has not received any packets from the server.
org.springframework.jdbc.CannotGetJdbcConnectionException: Could not get JDBC Connection; nested exception is com.mysql.jdbc.exceptions.jdbc4.CommunicationsException: Communications link failure

The last packet sent successfully to the server was 0 milliseconds ago. The driver has not received any packets from the server.
	at org.springframework.jdbc.datasource.DataSourceUtils.getConnection(DataSourceUtils.java:80)
	at org.springframework.jdbc.core.JdbcTemplate.execute(JdbcTemplate.java:391)
	at org.springframework.jdbc.core.JdbcTemplate.query(JdbcTemplate.java:471)
	at org.springframework.jdbc.core.JdbcTemplate.query(JdbcTemplate.java:481)
	at com.shc.scinventory.enterpriseShippingToolJobs.Daos.ConfigurationDao.getAllConfigs(ConfigurationDao.java:63)
	at com.shc.scinventory.enterpriseShippingToolJobs.Daos.ConfigurationDao.init(ConfigurationDao.java:48)
	at sun.reflect.NativeMethodAccessorImpl.invoke0(Native Method)
	at sun.reflect.NativeMethodAccessorImpl.invoke(NativeMethodAccessorImpl.java:62)
	at sun.reflect.DelegatingMethodAccessorImpl.invoke(DelegatingMethodAccessorImpl.java:43)
	at java.lang.reflect.Method.invoke(Method.java:498)
	at org.springframework.beans.factory.annotation.InitDestroyAnnotationBeanPostProcessor$LifecycleElement.invoke(InitDestroyAnnotationBeanPostProcessor.java:349)
	at org.springframework.beans.factory.annotation.InitDestroyAnnotationBeanPostProcessor$LifecycleMetadata.invokeInitMethods(InitDestroyAnnotationBeanPostProcessor.java:300)
	at org.springframework.beans.factory.annotation.InitDestroyAnnotationBeanPostProcessor.postProcessBeforeInitialization(InitDestroyAnnotationBeanPostProcessor.java:133)
	at org.springframework.beans.factory.support.AbstractAutowireCapableBeanFactory.applyBeanPostProcessorsBeforeInitialization(AbstractAutowireCapableBeanFactory.java:408)
	at org.springframework.beans.factory.support.AbstractAutowireCapableBeanFactory.initializeBean(AbstractAutowireCapableBeanFactory.java:1558)
	at org.springframework.beans.factory.support.AbstractAutowireCapableBeanFactory.doCreateBean(AbstractAutowireCapableBeanFactory.java:539)
	at org.springframework.beans.factory.support.AbstractAutowireCapableBeanFactory.createBean(AbstractAutowireCapableBeanFactory.java:476)
	at org.springframework.beans.factory.support.AbstractBeanFactory$1.getObject(AbstractBeanFactory.java:303)
	at org.springframework.beans.factory.support.DefaultSingletonBeanRegistry.getSingleton(DefaultSingletonBeanRegistry.java:230)
	at org.springframework.beans.factory.support.AbstractBeanFactory.doGetBean(AbstractBeanFactory.java:299)
	at org.springframework.beans.factory.support.AbstractBeanFactory.getBean(AbstractBeanFactory.java:194)
	at org.springframework.beans.factory.support.DefaultListableBeanFactory.findAutowireCandidates(DefaultListableBeanFactory.java:1127)
	at org.springframework.beans.factory.support.DefaultListableBeanFactory.doResolveDependency(DefaultListableBeanFactory.java:1051)
	at org.springframework.beans.factory.support.DefaultListableBeanFactory.resolveDependency(DefaultListableBeanFactory.java:949)
	at org.springframework.beans.factory.annotation.AutowiredAnnotationBeanPostProcessor$AutowiredFieldElement.inject(AutowiredAnnotationBeanPostProcessor.java:533)
	at org.springframework.beans.factory.annotation.InjectionMetadata.inject(InjectionMetadata.java:88)
	at org.springframework.beans.factory.annotation.AutowiredAnnotationBeanPostProcessor.postProcessPropertyValues(AutowiredAnnotationBeanPostProcessor.java:331)
	at org.springframework.beans.factory.support.AbstractAutowireCapableBeanFactory.populateBean(AbstractAutowireCapableBeanFactory.java:1202)
	at org.springframework.beans.factory.support.AbstractAutowireCapableBeanFactory.doCreateBean(AbstractAutowireCapableBeanFactory.java:537)
	at org.springframework.beans.factory.support.AbstractAutowireCapableBeanFactory.createBean(AbstractAutowireCapableBeanFactory.java:476)
	at org.springframework.beans.factory.support.AbstractBeanFactory$1.getObject(AbstractBeanFactory.java:303)
	at org.springframework.beans.factory.support.DefaultSingletonBeanRegistry.getSingleton(DefaultSingletonBeanRegistry.java:230)
	at org.springframework.beans.factory.support.AbstractBeanFactory.doGetBean(AbstractBeanFactory.java:299)
	at org.springframework.beans.factory.support.AbstractBeanFactory.getBean(AbstractBeanFactory.java:194)
	at org.springframework.beans.factory.support.DefaultListableBeanFactory.preInstantiateSingletons(DefaultListableBeanFactory.java:762)
	at org.springframework.context.support.AbstractApplicationContext.finishBeanFactoryInitialization(AbstractApplicationContext.java:757)
	at org.springframework.context.support.AbstractApplicationContext.refresh(AbstractApplicationContext.java:480)
	at org.springframework.context.support.ClassPathXmlApplicationContext.<init>(ClassPathXmlApplicationContext.java:139)
	at org.springframework.context.support.ClassPathXmlApplicationContext.<init>(ClassPathXmlApplicationContext.java:83)
	at com.shc.scinventory.enterpriseShippingToolJobs.Applications.MainApp.main(MainApp.java:28)
Caused by: com.mysql.jdbc.exceptions.jdbc4.CommunicationsException: Communications link failure

The last packet sent successfully to the server was 0 milliseconds ago. The driver has not received any packets from the server.
	at sun.reflect.NativeConstructorAccessorImpl.newInstance0(Native Method)
	at sun.reflect.NativeConstructorAccessorImpl.newInstance(NativeConstructorAccessorImpl.java:62)
	at sun.reflect.DelegatingConstructorAccessorImpl.newInstance(DelegatingConstructorAccessorImpl.java:45)
	at java.lang.reflect.Constructor.newInstance(Constructor.java:423)
	at com.mysql.jdbc.Util.handleNewInstance(Util.java:404)
	at com.mysql.jdbc.SQLError.createCommunicationsException(SQLError.java:988)
	at com.mysql.jdbc.MysqlIO.<init>(MysqlIO.java:341)
	at com.mysql.jdbc.ConnectionImpl.coreConnect(ConnectionImpl.java:2251)
	at com.mysql.jdbc.ConnectionImpl.connectOneTryOnly(ConnectionImpl.java:2284)
	at com.mysql.jdbc.ConnectionImpl.createNewIO(ConnectionImpl.java:2083)
	at com.mysql.jdbc.ConnectionImpl.<init>(ConnectionImpl.java:806)
	at com.mysql.jdbc.JDBC4Connection.<init>(JDBC4Connection.java:47)
	at sun.reflect.NativeConstructorAccessorImpl.newInstance0(Native Method)
	at sun.reflect.NativeConstructorAccessorImpl.newInstance(NativeConstructorAccessorImpl.java:62)
	at sun.reflect.DelegatingConstructorAccessorImpl.newInstance(DelegatingConstructorAccessorImpl.java:45)
	at java.lang.reflect.Constructor.newInstance(Constructor.java:423)
	at com.mysql.jdbc.Util.handleNewInstance(Util.java:404)
	at com.mysql.jdbc.ConnectionImpl.getInstance(ConnectionImpl.java:410)
	at com.mysql.jdbc.NonRegisteringDriver.connect(NonRegisteringDriver.java:328)
	at java.sql.DriverManager.getConnection(DriverManager.java:664)
	at java.sql.DriverManager.getConnection(DriverManager.java:208)
	at org.springframework.jdbc.datasource.DriverManagerDataSource.getConnectionFromDriverManager(DriverManagerDataSource.java:153)
	at org.springframework.jdbc.datasource.DriverManagerDataSource.getConnectionFromDriver(DriverManagerDataSource.java:144)
	at org.springframework.jdbc.datasource.AbstractDriverBasedDataSource.getConnectionFromDriver(AbstractDriverBasedDataSource.java:155)
	at org.springframework.jdbc.datasource.AbstractDriverBasedDataSource.getConnection(AbstractDriverBasedDataSource.java:120)
	at org.springframework.jdbc.datasource.DataSourceUtils.doGetConnection(DataSourceUtils.java:111)
	at org.springframework.jdbc.datasource.DataSourceUtils.getConnection(DataSourceUtils.java:77)
	... 39 more
Caused by: java.net.UnknownHostException: dvssd.dev.ch3.s.com
	at java.net.InetAddress.getAllByName0(InetAddress.java:1280)
	at java.net.InetAddress.getAllByName(InetAddress.java:1192)
	at java.net.InetAddress.getAllByName(InetAddress.java:1126)
	at com.mysql.jdbc.StandardSocketFactory.connect(StandardSocketFactory.java:188)
	at com.mysql.jdbc.MysqlIO.<init>(MysqlIO.java:300)
	... 59 more
2017-12-05 15:28:07,198 [main] ERROR enterpriseShippingToolJobs.Applications.MainApp  - Exception occured in main. 
org.springframework.beans.factory.BeanCreationException: Error creating bean with name 'dcUnitInfoJob': Injection of autowired dependencies failed; nested exception is org.springframework.beans.factory.BeanCreationException: Could not autowire field: private com.shc.ecom.fastpromise.data.cache.DCUnitCacheBuilder com.shc.scinventory.enterpriseShippingToolJobs.Jobs.DcUnitInfoJob.dcUnitCacheBuilder; nested exception is org.springframework.beans.factory.BeanCreationException: Error creating bean with name 'DCUnitCacheBuilder': Injection of autowired dependencies failed; nested exception is org.springframework.beans.factory.BeanCreationException: Could not autowire field: private com.shc.ecom.fastpromise.dao.casimpl.DcUnitDaoImpl com.shc.ecom.fastpromise.data.cache.DCUnitCacheBuilder.dcUnitDaoImpl; nested exception is org.springframework.beans.factory.BeanCreationException: Error creating bean with name 'dcUnitDaoImpl': Injection of autowired dependencies failed; nested exception is org.springframework.beans.factory.BeanCreationException: Could not autowire field: private org.springframework.data.cassandra.core.CassandraOperations com.shc.ecom.fastpromise.dao.casimpl.DcUnitDaoImpl.cassandraOperations; nested exception is org.springframework.beans.factory.BeanCreationException: Error creating bean with name 'cassandraNewTemplate': Cannot resolve reference to bean 'cassandraSession' while setting bean property 'session'; nested exception is org.springframework.beans.factory.BeanCreationException: Error creating bean with name 'cassandraSession': Cannot resolve reference to bean 'cassandraCluster' while setting bean property 'cluster'; nested exception is org.springframework.beans.factory.BeanCreationException: Error creating bean with name 'cassandraCluster': Invocation of init method failed; nested exception is java.lang.IllegalArgumentException: iacass301p.stress.ch3.s.com: nodename nor servname provided, or not known
	at org.springframework.beans.factory.annotation.AutowiredAnnotationBeanPostProcessor.postProcessPropertyValues(AutowiredAnnotationBeanPostProcessor.java:334)
	at org.springframework.beans.factory.support.AbstractAutowireCapableBeanFactory.populateBean(AbstractAutowireCapableBeanFactory.java:1202)
	at org.springframework.beans.factory.support.AbstractAutowireCapableBeanFactory.doCreateBean(AbstractAutowireCapableBeanFactory.java:537)
	at org.springframework.beans.factory.support.AbstractAutowireCapableBeanFactory.createBean(AbstractAutowireCapableBeanFactory.java:476)
	at org.springframework.beans.factory.support.AbstractBeanFactory$1.getObject(AbstractBeanFactory.java:303)
	at org.springframework.beans.factory.support.DefaultSingletonBeanRegistry.getSingleton(DefaultSingletonBeanRegistry.java:230)
	at org.springframework.beans.factory.support.AbstractBeanFactory.doGetBean(AbstractBeanFactory.java:299)
	at org.springframework.beans.factory.support.AbstractBeanFactory.getBean(AbstractBeanFactory.java:194)
	at org.springframework.beans.factory.support.DefaultListableBeanFactory.preInstantiateSingletons(DefaultListableBeanFactory.java:762)
	at org.springframework.context.support.AbstractApplicationContext.finishBeanFactoryInitialization(AbstractApplicationContext.java:757)
	at org.springframework.context.support.AbstractApplicationContext.refresh(AbstractApplicationContext.java:480)
	at org.springframework.context.support.ClassPathXmlApplicationContext.<init>(ClassPathXmlApplicationContext.java:139)
	at org.springframework.context.support.ClassPathXmlApplicationContext.<init>(ClassPathXmlApplicationContext.java:83)
	at com.shc.scinventory.enterpriseShippingToolJobs.Applications.MainApp.main(MainApp.java:28)
Caused by: org.springframework.beans.factory.BeanCreationException: Could not autowire field: private com.shc.ecom.fastpromise.data.cache.DCUnitCacheBuilder com.shc.scinventory.enterpriseShippingToolJobs.Jobs.DcUnitInfoJob.dcUnitCacheBuilder; nested exception is org.springframework.beans.factory.BeanCreationException: Error creating bean with name 'DCUnitCacheBuilder': Injection of autowired dependencies failed; nested exception is org.springframework.beans.factory.BeanCreationException: Could not autowire field: private com.shc.ecom.fastpromise.dao.casimpl.DcUnitDaoImpl com.shc.ecom.fastpromise.data.cache.DCUnitCacheBuilder.dcUnitDaoImpl; nested exception is org.springframework.beans.factory.BeanCreationException: Error creating bean with name 'dcUnitDaoImpl': Injection of autowired dependencies failed; nested exception is org.springframework.beans.factory.BeanCreationException: Could not autowire field: private org.springframework.data.cassandra.core.CassandraOperations com.shc.ecom.fastpromise.dao.casimpl.DcUnitDaoImpl.cassandraOperations; nested exception is org.springframework.beans.factory.BeanCreationException: Error creating bean with name 'cassandraNewTemplate': Cannot resolve reference to bean 'cassandraSession' while setting bean property 'session'; nested exception is org.springframework.beans.factory.BeanCreationException: Error creating bean with name 'cassandraSession': Cannot resolve reference to bean 'cassandraCluster' while setting bean property 'cluster'; nested exception is org.springframework.beans.factory.BeanCreationException: Error creating bean with name 'cassandraCluster': Invocation of init method failed; nested exception is java.lang.IllegalArgumentException: iacass301p.stress.ch3.s.com: nodename nor servname provided, or not known
	at org.springframework.beans.factory.annotation.AutowiredAnnotationBeanPostProcessor$AutowiredFieldElement.inject(AutowiredAnnotationBeanPostProcessor.java:561)
	at org.springframework.beans.factory.annotation.InjectionMetadata.inject(InjectionMetadata.java:88)
	at org.springframework.beans.factory.annotation.AutowiredAnnotationBeanPostProcessor.postProcessPropertyValues(AutowiredAnnotationBeanPostProcessor.java:331)
	... 13 more
Caused by: org.springframework.beans.factory.BeanCreationException: Error creating bean with name 'DCUnitCacheBuilder': Injection of autowired dependencies failed; nested exception is org.springframework.beans.factory.BeanCreationException: Could not autowire field: private com.shc.ecom.fastpromise.dao.casimpl.DcUnitDaoImpl com.shc.ecom.fastpromise.data.cache.DCUnitCacheBuilder.dcUnitDaoImpl; nested exception is org.springframework.beans.factory.BeanCreationException: Error creating bean with name 'dcUnitDaoImpl': Injection of autowired dependencies failed; nested exception is org.springframework.beans.factory.BeanCreationException: Could not autowire field: private org.springframework.data.cassandra.core.CassandraOperations com.shc.ecom.fastpromise.dao.casimpl.DcUnitDaoImpl.cassandraOperations; nested exception is org.springframework.beans.factory.BeanCreationException: Error creating bean with name 'cassandraNewTemplate': Cannot resolve reference to bean 'cassandraSession' while setting bean property 'session'; nested exception is org.springframework.beans.factory.BeanCreationException: Error creating bean with name 'cassandraSession': Cannot resolve reference to bean 'cassandraCluster' while setting bean property 'cluster'; nested exception is org.springframework.beans.factory.BeanCreationException: Error creating bean with name 'cassandraCluster': Invocation of init method failed; nested exception is java.lang.IllegalArgumentException: iacass301p.stress.ch3.s.com: nodename nor servname provided, or not known
	at org.springframework.beans.factory.annotation.AutowiredAnnotationBeanPostProcessor.postProcessPropertyValues(AutowiredAnnotationBeanPostProcessor.java:334)
	at org.springframework.beans.factory.support.AbstractAutowireCapableBeanFactory.populateBean(AbstractAutowireCapableBeanFactory.java:1202)
	at org.springframework.beans.factory.support.AbstractAutowireCapableBeanFactory.doCreateBean(AbstractAutowireCapableBeanFactory.java:537)
	at org.springframework.beans.factory.support.AbstractAutowireCapableBeanFactory.createBean(AbstractAutowireCapableBeanFactory.java:476)
	at org.springframework.beans.factory.support.AbstractBeanFactory$1.getObject(AbstractBeanFactory.java:303)
	at org.springframework.beans.factory.support.DefaultSingletonBeanRegistry.getSingleton(DefaultSingletonBeanRegistry.java:230)
	at org.springframework.beans.factory.support.AbstractBeanFactory.doGetBean(AbstractBeanFactory.java:299)
	at org.springframework.beans.factory.support.AbstractBeanFactory.getBean(AbstractBeanFactory.java:194)
	at org.springframework.beans.factory.support.DefaultListableBeanFactory.findAutowireCandidates(DefaultListableBeanFactory.java:1127)
	at org.springframework.beans.factory.support.DefaultListableBeanFactory.doResolveDependency(DefaultListableBeanFactory.java:1051)
	at org.springframework.beans.factory.support.DefaultListableBeanFactory.resolveDependency(DefaultListableBeanFactory.java:949)
	at org.springframework.beans.factory.annotation.AutowiredAnnotationBeanPostProcessor$AutowiredFieldElement.inject(AutowiredAnnotationBeanPostProcessor.java:533)
	... 15 more
Caused by: org.springframework.beans.factory.BeanCreationException: Could not autowire field: private com.shc.ecom.fastpromise.dao.casimpl.DcUnitDaoImpl com.shc.ecom.fastpromise.data.cache.DCUnitCacheBuilder.dcUnitDaoImpl; nested exception is org.springframework.beans.factory.BeanCreationException: Error creating bean with name 'dcUnitDaoImpl': Injection of autowired dependencies failed; nested exception is org.springframework.beans.factory.BeanCreationException: Could not autowire field: private org.springframework.data.cassandra.core.CassandraOperations com.shc.ecom.fastpromise.dao.casimpl.DcUnitDaoImpl.cassandraOperations; nested exception is org.springframework.beans.factory.BeanCreationException: Error creating bean with name 'cassandraNewTemplate': Cannot resolve reference to bean 'cassandraSession' while setting bean property 'session'; nested exception is org.springframework.beans.factory.BeanCreationException: Error creating bean with name 'cassandraSession': Cannot resolve reference to bean 'cassandraCluster' while setting bean property 'cluster'; nested exception is org.springframework.beans.factory.BeanCreationException: Error creating bean with name 'cassandraCluster': Invocation of init method failed; nested exception is java.lang.IllegalArgumentException: iacass301p.stress.ch3.s.com: nodename nor servname provided, or not known
	at org.springframework.beans.factory.annotation.AutowiredAnnotationBeanPostProcessor$AutowiredFieldElement.inject(AutowiredAnnotationBeanPostProcessor.java:561)
	at org.springframework.beans.factory.annotation.InjectionMetadata.inject(InjectionMetadata.java:88)
	at org.springframework.beans.factory.annotation.AutowiredAnnotationBeanPostProcessor.postProcessPropertyValues(AutowiredAnnotationBeanPostProcessor.java:331)
	... 26 more
Caused by: org.springframework.beans.factory.BeanCreationException: Error creating bean with name 'dcUnitDaoImpl': Injection of autowired dependencies failed; nested exception is org.springframework.beans.factory.BeanCreationException: Could not autowire field: private org.springframework.data.cassandra.core.CassandraOperations com.shc.ecom.fastpromise.dao.casimpl.DcUnitDaoImpl.cassandraOperations; nested exception is org.springframework.beans.factory.BeanCreationException: Error creating bean with name 'cassandraNewTemplate': Cannot resolve reference to bean 'cassandraSession' while setting bean property 'session'; nested exception is org.springframework.beans.factory.BeanCreationException: Error creating bean with name 'cassandraSession': Cannot resolve reference to bean 'cassandraCluster' while setting bean property 'cluster'; nested exception is org.springframework.beans.factory.BeanCreationException: Error creating bean with name 'cassandraCluster': Invocation of init method failed; nested exception is java.lang.IllegalArgumentException: iacass301p.stress.ch3.s.com: nodename nor servname provided, or not known
	at org.springframework.beans.factory.annotation.AutowiredAnnotationBeanPostProcessor.postProcessPropertyValues(AutowiredAnnotationBeanPostProcessor.java:334)
	at org.springframework.beans.factory.support.AbstractAutowireCapableBeanFactory.populateBean(AbstractAutowireCapableBeanFactory.java:1202)
	at org.springframework.beans.factory.support.AbstractAutowireCapableBeanFactory.doCreateBean(AbstractAutowireCapableBeanFactory.java:537)
	at org.springframework.beans.factory.support.AbstractAutowireCapableBeanFactory.createBean(AbstractAutowireCapableBeanFactory.java:476)
	at org.springframework.beans.factory.support.AbstractBeanFactory$1.getObject(AbstractBeanFactory.java:303)
	at org.springframework.beans.factory.support.DefaultSingletonBeanRegistry.getSingleton(DefaultSingletonBeanRegistry.java:230)
	at org.springframework.beans.factory.support.AbstractBeanFactory.doGetBean(AbstractBeanFactory.java:299)
	at org.springframework.beans.factory.support.AbstractBeanFactory.getBean(AbstractBeanFactory.java:194)
	at org.springframework.beans.factory.support.DefaultListableBeanFactory.findAutowireCandidates(DefaultListableBeanFactory.java:1127)
	at org.springframework.beans.factory.support.DefaultListableBeanFactory.doResolveDependency(DefaultListableBeanFactory.java:1051)
	at org.springframework.beans.factory.support.DefaultListableBeanFactory.resolveDependency(DefaultListableBeanFactory.java:949)
	at org.springframework.beans.factory.annotation.AutowiredAnnotationBeanPostProcessor$AutowiredFieldElement.inject(AutowiredAnnotationBeanPostProcessor.java:533)
	... 28 more
Caused by: org.springframework.beans.factory.BeanCreationException: Could not autowire field: private org.springframework.data.cassandra.core.CassandraOperations com.shc.ecom.fastpromise.dao.casimpl.DcUnitDaoImpl.cassandraOperations; nested exception is org.springframework.beans.factory.BeanCreationException: Error creating bean with name 'cassandraNewTemplate': Cannot resolve reference to bean 'cassandraSession' while setting bean property 'session'; nested exception is org.springframework.beans.factory.BeanCreationException: Error creating bean with name 'cassandraSession': Cannot resolve reference to bean 'cassandraCluster' while setting bean property 'cluster'; nested exception is org.springframework.beans.factory.BeanCreationException: Error creating bean with name 'cassandraCluster': Invocation of init method failed; nested exception is java.lang.IllegalArgumentException: iacass301p.stress.ch3.s.com: nodename nor servname provided, or not known
	at org.springframework.beans.factory.annotation.AutowiredAnnotationBeanPostProcessor$AutowiredFieldElement.inject(AutowiredAnnotationBeanPostProcessor.java:561)
	at org.springframework.beans.factory.annotation.InjectionMetadata.inject(InjectionMetadata.java:88)
	at org.springframework.beans.factory.annotation.AutowiredAnnotationBeanPostProcessor.postProcessPropertyValues(AutowiredAnnotationBeanPostProcessor.java:331)
	... 39 more
Caused by: org.springframework.beans.factory.BeanCreationException: Error creating bean with name 'cassandraNewTemplate': Cannot resolve reference to bean 'cassandraSession' while setting bean property 'session'; nested exception is org.springframework.beans.factory.BeanCreationException: Error creating bean with name 'cassandraSession': Cannot resolve reference to bean 'cassandraCluster' while setting bean property 'cluster'; nested exception is org.springframework.beans.factory.BeanCreationException: Error creating bean with name 'cassandraCluster': Invocation of init method failed; nested exception is java.lang.IllegalArgumentException: iacass301p.stress.ch3.s.com: nodename nor servname provided, or not known
	at org.springframework.beans.factory.support.BeanDefinitionValueResolver.resolveReference(BeanDefinitionValueResolver.java:359)
	at org.springframework.beans.factory.support.BeanDefinitionValueResolver.resolveValueIfNecessary(BeanDefinitionValueResolver.java:108)
	at org.springframework.beans.factory.support.AbstractAutowireCapableBeanFactory.applyPropertyValues(AbstractAutowireCapableBeanFactory.java:1469)
	at org.springframework.beans.factory.support.AbstractAutowireCapableBeanFactory.populateBean(AbstractAutowireCapableBeanFactory.java:1214)
	at org.springframework.beans.factory.support.AbstractAutowireCapableBeanFactory.doCreateBean(AbstractAutowireCapableBeanFactory.java:537)
	at org.springframework.beans.factory.support.AbstractAutowireCapableBeanFactory.createBean(AbstractAutowireCapableBeanFactory.java:476)
	at org.springframework.beans.factory.support.AbstractBeanFactory$1.getObject(AbstractBeanFactory.java:303)
	at org.springframework.beans.factory.support.DefaultSingletonBeanRegistry.getSingleton(DefaultSingletonBeanRegistry.java:230)
	at org.springframework.beans.factory.support.AbstractBeanFactory.doGetBean(AbstractBeanFactory.java:299)
	at org.springframework.beans.factory.support.AbstractBeanFactory.getBean(AbstractBeanFactory.java:194)
	at org.springframework.beans.factory.support.DefaultListableBeanFactory.findAutowireCandidates(DefaultListableBeanFactory.java:1127)
	at org.springframework.beans.factory.support.DefaultListableBeanFactory.doResolveDependency(DefaultListableBeanFactory.java:1051)
	at org.springframework.beans.factory.support.DefaultListableBeanFactory.resolveDependency(DefaultListableBeanFactory.java:949)
	at org.springframework.beans.factory.annotation.AutowiredAnnotationBeanPostProcessor$AutowiredFieldElement.inject(AutowiredAnnotationBeanPostProcessor.java:533)
	... 41 more
Caused by: org.springframework.beans.factory.BeanCreationException: Error creating bean with name 'cassandraSession': Cannot resolve reference to bean 'cassandraCluster' while setting bean property 'cluster'; nested exception is org.springframework.beans.factory.BeanCreationException: Error creating bean with name 'cassandraCluster': Invocation of init method failed; nested exception is java.lang.IllegalArgumentException: iacass301p.stress.ch3.s.com: nodename nor servname provided, or not known
	at org.springframework.beans.factory.support.BeanDefinitionValueResolver.resolveReference(BeanDefinitionValueResolver.java:359)
	at org.springframework.beans.factory.support.BeanDefinitionValueResolver.resolveValueIfNecessary(BeanDefinitionValueResolver.java:108)
	at org.springframework.beans.factory.support.AbstractAutowireCapableBeanFactory.applyPropertyValues(AbstractAutowireCapableBeanFactory.java:1469)
	at org.springframework.beans.factory.support.AbstractAutowireCapableBeanFactory.populateBean(AbstractAutowireCapableBeanFactory.java:1214)
	at org.springframework.beans.factory.support.AbstractAutowireCapableBeanFactory.doCreateBean(AbstractAutowireCapableBeanFactory.java:537)
	at org.springframework.beans.factory.support.AbstractAutowireCapableBeanFactory.createBean(AbstractAutowireCapableBeanFactory.java:476)
	at org.springframework.beans.factory.support.AbstractBeanFactory$1.getObject(AbstractBeanFactory.java:303)
	at org.springframework.beans.factory.support.DefaultSingletonBeanRegistry.getSingleton(DefaultSingletonBeanRegistry.java:230)
	at org.springframework.beans.factory.support.AbstractBeanFactory.doGetBean(AbstractBeanFactory.java:299)
	at org.springframework.beans.factory.support.AbstractBeanFactory.getBean(AbstractBeanFactory.java:194)
	at org.springframework.beans.factory.support.BeanDefinitionValueResolver.resolveReference(BeanDefinitionValueResolver.java:351)
	... 54 more
Caused by: org.springframework.beans.factory.BeanCreationException: Error creating bean with name 'cassandraCluster': Invocation of init method failed; nested exception is java.lang.IllegalArgumentException: iacass301p.stress.ch3.s.com: nodename nor servname provided, or not known
	at org.springframework.beans.factory.support.AbstractAutowireCapableBeanFactory.initializeBean(AbstractAutowireCapableBeanFactory.java:1566)
	at org.springframework.beans.factory.support.AbstractAutowireCapableBeanFactory.doCreateBean(AbstractAutowireCapableBeanFactory.java:539)
	at org.springframework.beans.factory.support.AbstractAutowireCapableBeanFactory.createBean(AbstractAutowireCapableBeanFactory.java:476)
	at org.springframework.beans.factory.support.AbstractBeanFactory$1.getObject(AbstractBeanFactory.java:303)
	at org.springframework.beans.factory.support.DefaultSingletonBeanRegistry.getSingleton(DefaultSingletonBeanRegistry.java:230)
	at org.springframework.beans.factory.support.AbstractBeanFactory.doGetBean(AbstractBeanFactory.java:299)
	at org.springframework.beans.factory.support.AbstractBeanFactory.getBean(AbstractBeanFactory.java:194)
	at org.springframework.beans.factory.support.BeanDefinitionValueResolver.resolveReference(BeanDefinitionValueResolver.java:351)
	... 64 more
Caused by: java.lang.IllegalArgumentException: iacass301p.stress.ch3.s.com: nodename nor servname provided, or not known
	at com.datastax.driver.core.Cluster$Builder.addContactPoint(Cluster.java:749)
	at com.datastax.driver.core.Cluster$Builder.addContactPoints(Cluster.java:771)
	at org.springframework.cassandra.config.CassandraCqlClusterFactoryBean.afterPropertiesSet(CassandraCqlClusterFactoryBean.java:131)
	at org.springframework.beans.factory.support.AbstractAutowireCapableBeanFactory.invokeInitMethods(AbstractAutowireCapableBeanFactory.java:1625)
	at org.springframework.beans.factory.support.AbstractAutowireCapableBeanFactory.initializeBean(AbstractAutowireCapableBeanFactory.java:1562)
	... 71 more
2017-12-05 15:29:52,026 [main] INFO  enterpriseShippingToolJobs.Clients.SmtpClient  - smtpClient instantiated
2017-12-05 15:30:32,499 [main] INFO  enterpriseShippingToolJobs.Clients.SmtpClient  - smtpClient instantiated
2017-12-05 15:30:56,833 [main] INFO  enterpriseShippingToolJobs.Clients.SmtpClient  - smtpClient instantiated
2017-12-05 15:33:42,637 [main] INFO  enterpriseShippingToolJobs.Clients.SmtpClient  - smtpClient instantiated
2017-12-05 16:16:14,313 [main] INFO  enterpriseShippingToolJobs.Clients.SmtpClient  - smtpClient instantiated
2017-12-05 16:18:35,061 [main] INFO  enterpriseShippingToolJobs.Clients.SmtpClient  - smtpClient instantiated
2017-12-05 16:19:06,448 [main] INFO  enterpriseShippingToolJobs.Clients.SmtpClient  - smtpClient instantiated
2017-12-05 16:20:01,697 [main] INFO  enterpriseShippingToolJobs.Clients.SmtpClient  - smtpClient instantiated
2017-12-05 16:24:20,215 [main] INFO  enterpriseShippingToolJobs.Clients.SmtpClient  - smtpClient instantiated
2017-12-05 17:09:14,538 [main] INFO  enterpriseShippingToolJobs.Clients.SmtpClient  - smtpClient instantiated
2017-12-05 17:09:42,814 [main] INFO  enterpriseShippingToolJobs.Clients.SmtpClient  - smtpClient instantiated
2017-12-05 17:10:52,420 [main] INFO  enterpriseShippingToolJobs.Clients.SmtpClient  - smtpClient instantiated
2017-12-05 17:11:37,920 [main] INFO  enterpriseShippingToolJobs.Clients.SmtpClient  - smtpClient instantiated
2017-12-05 17:28:46,453 [main] INFO  enterpriseShippingToolJobs.Clients.SmtpClient  - smtpClient instantiated
2017-12-05 17:29:27,333 [main] INFO  enterpriseShippingToolJobs.Clients.SmtpClient  - smtpClient instantiated
2017-12-05 17:30:46,992 [main] INFO  enterpriseShippingToolJobs.Clients.SmtpClient  - smtpClient instantiated
2017-12-05 17:31:28,297 [main] INFO  enterpriseShippingToolJobs.Clients.SmtpClient  - smtpClient instantiated
2017-12-05 17:31:53,012 [main] INFO  enterpriseShippingToolJobs.Clients.SmtpClient  - smtpClient instantiated
2017-12-05 17:39:00,522 [main] INFO  enterpriseShippingToolJobs.Clients.SmtpClient  - smtpClient instantiated
2017-12-05 17:48:19,549 [main] INFO  enterpriseShippingToolJobs.Clients.SmtpClient  - smtpClient instantiated
2017-12-05 17:49:35,897 [main] INFO  enterpriseShippingToolJobs.Clients.SmtpClient  - smtpClient instantiated
2017-12-05 19:37:01,071 [main] INFO  enterpriseShippingToolJobs.Clients.SmtpClient  - smtpClient instantiated
2017-12-08 16:48:02,514 [main] INFO  enterpriseShippingToolJobs.Clients.SmtpClient  - smtpClient instantiated
2017-12-08 16:51:37,751 [main] ERROR enterpriseShippingToolJobs.Applications.MainApp  - An exception has occured in main method: Was passed main parameter 'Dev/SourceCodes/EnterpriseShippingToolJobs/enterpriseShippingToolJobs/src/main/resources/faq/faq.txt' but no main parameter was defined
2017-12-08 16:52:01,548 [main] INFO  enterpriseShippingToolJobs.Clients.SmtpClient  - smtpClient instantiated
2017-12-08 16:52:43,441 [main] INFO  enterpriseShippingToolJobs.Clients.SmtpClient  - smtpClient instantiated
2017-12-08 16:53:49,147 [main] INFO  enterpriseShippingToolJobs.Clients.SmtpClient  - smtpClient instantiated
2017-12-13 11:32:58,745 [main] INFO  enterpriseShippingToolJobs.Clients.SmtpClient  - smtpClient instantiated
2017-12-13 11:33:06,253 [main] DEBUG enterpriseShippingToolJobs.Jobs.AutoManifest  - {shipperCode=D01333}
2017-12-13 11:33:06,262 [main] DEBUG enterpriseShippingToolJobs.Clients.ShipipngServiceClient  - end point: http://atp301p.qa.ch3.s.com:8380/ShippingServicesAPI/triggerManifestProcessing
 body: 
 {"shipperCode":"D01333"}
2017-12-13 11:33:15,249 [main] DEBUG enterpriseShippingToolJobs.Jobs.AutoManifest  - {"responseHeader":{"returnCode":"0","errorMessage":"SUCCESS","timestamp":"2017-12-13 11:33:14"},"processedPackagesResponseBody":{"results":[{"returnCode":"3018","message":"Unable to find the base rate chart for specified service, packaging, and terms","shipDate":"SHIPDATE_20151207","totalPackages":0,"closedOutPackages":0,"packageInfo":[],"unmanifestedPackageList":null},{"returnCode":"3018","message":"Unable to find UPS_RATE_CURRENCY_EFFECTIVE_DATE chart","shipDate":"SHIPDATE_20151209","totalPackages":0,"closedOutPackages":0,"packageInfo":[],"unmanifestedPackageList":null},{"returnCode":"3018","message":"Unable to find UPS_RATE_CURRENCY_EFFECTIVE_DATE chart","shipDate":"SHIPDATE_20151215","totalPackages":0,"closedOutPackages":0,"packageInfo":[],"unmanifestedPackageList":null},{"returnCode":"3018","message":"Unable to find UPS_RATE_CURRENCY_EFFECTIVE_DATE chart","shipDate":"SHIPDATE_20151216","totalPackages":0,"closedOutPackages":0,"packageInfo":[],"unmanifestedPackageList":null},{"returnCode":"3018","message":"Unable to find UPS_RATE_CURRENCY_EFFECTIVE_DATE chart","shipDate":"SHIPDATE_20151218","totalPackages":0,"closedOutPackages":0,"packageInfo":[],"unmanifestedPackageList":null},{"returnCode":"0","message":"No error","shipDate":"SHIPDATE_20170919","totalPackages":0,"closedOutPackages":3,"packageInfo":[{"trackingNum":"1Z1169060300016552","shipper":"D01333","msn":"18846","closedOut":"Y","service":"CONNECTSHIP_UPS.UPS.GND","shipdate":"2017-09-19","pldInfo":{"shipDate":"2017-09-19","pickupRecordNum":"1231235110","pldBookNum":"1231235","pldPageNum":"11","pldFileName":"September 19, 2017 #13","pldSeq":"13","pldSymbol":"4499"},"voided":false},{"trackingNum":"1Z1169060300016561","shipper":"D01333","msn":"18850","closedOut":"Y","service":"CONNECTSHIP_UPS.UPS.GND","shipdate":"2017-09-19","pldInfo":{"shipDate":"2017-09-19","pickupRecordNum":"1231235110","pldBookNum":"1231235","pldPageNum":"11","pldFileName":"September 19, 2017 #13","pldSeq":"13","pldSymbol":"4499"},"voided":false},{"trackingNum":"1Z1169060300016570","shipper":"D01333","msn":"18851","closedOut":"Y","service":"CONNECTSHIP_UPS.UPS.GND","shipdate":"2017-09-19","pldInfo":{"shipDate":"2017-09-19","pickupRecordNum":"1231235110","pldBookNum":"1231235","pldPageNum":"11","pldFileName":"September 19, 2017 #13","pldSeq":"13","pldSymbol":"4499"},"voided":false}],"unmanifestedPackageList":null}],"voidedPackages":[]}}
2017-12-13 11:33:15,259 [main] DEBUG enterpriseShippingToolJobs.Daos.PackageInfoDao  - update package_info set update_status_id=5 where msn in (18846,18850,18851)
2017-12-13 11:33:16,646 [main] DEBUG enterpriseShippingToolJobs.Jobs.AutoManifest  - {shipperCode=D01570}
2017-12-13 11:33:16,646 [main] DEBUG enterpriseShippingToolJobs.Clients.ShipipngServiceClient  - end point: http://atp301p.qa.ch3.s.com:8380/ShippingServicesAPI/triggerManifestProcessing
 body: 
 {"shipperCode":"D01570"}
2017-12-13 11:33:22,334 [main] DEBUG enterpriseShippingToolJobs.Jobs.AutoManifest  - {"responseHeader":{"returnCode":"0","errorMessage":"SUCCESS","timestamp":"2017-12-13 11:33:22"},"processedPackagesResponseBody":{"results":[{"returnCode":"3018","message":"Unable to find UPS_RATE_CURRENCY_EFFECTIVE_DATE chart","shipDate":"SHIPDATE_20150917","totalPackages":0,"closedOutPackages":0,"packageInfo":[],"unmanifestedPackageList":null},{"returnCode":"3018","message":"Unable to find UPS_RATE_CURRENCY_EFFECTIVE_DATE chart","shipDate":"SHIPDATE_20151001","totalPackages":0,"closedOutPackages":0,"packageInfo":[],"unmanifestedPackageList":null},{"returnCode":"3018","message":"Unable to find UPS_RATE_CURRENCY_EFFECTIVE_DATE chart","shipDate":"SHIPDATE_20151111","totalPackages":0,"closedOutPackages":0,"packageInfo":[],"unmanifestedPackageList":null},{"returnCode":"3018","message":"Unable to find UPS_RATE_CURRENCY_EFFECTIVE_DATE chart","shipDate":"SHIPDATE_20151207","totalPackages":0,"closedOutPackages":0,"packageInfo":[],"unmanifestedPackageList":null},{"returnCode":"0","message":"No error","shipDate":"SHIPDATE_20171213","totalPackages":0,"closedOutPackages":5,"packageInfo":[{"trackingNum":"1Z6532030300039831","shipper":"D01570","msn":"18838","closedOut":"Y","service":"CONNECTSHIP_UPS.UPS.GND","shipdate":"2017-12-13","pldInfo":{"shipDate":"2017-12-13","pickupRecordNum":"1231234395","pldBookNum":"1231234","pldPageNum":"39","pldFileName":"December 13, 2017 #1","pldSeq":"1","pldSymbol":"4504"},"voided":false},{"trackingNum":"1Z6532030300039840","shipper":"D01570","msn":"18839","closedOut":"Y","service":"CONNECTSHIP_UPS.UPS.GND","shipdate":"2017-12-13","pldInfo":{"shipDate":"2017-12-13","pickupRecordNum":"1231234395","pldBookNum":"1231234","pldPageNum":"39","pldFileName":"December 13, 2017 #1","pldSeq":"1","pldSymbol":"4504"},"voided":false},{"trackingNum":"1Z6532030300039859","shipper":"D01570","msn":"18840","closedOut":"Y","service":"CONNECTSHIP_UPS.UPS.GND","shipdate":"2017-12-13","pldInfo":{"shipDate":"2017-12-13","pickupRecordNum":"1231234395","pldBookNum":"1231234","pldPageNum":"39","pldFileName":"December 13, 2017 #1","pldSeq":"1","pldSymbol":"4504"},"voided":false},{"trackingNum":"1Z6532030300039868","shipper":"D01570","msn":"18841","closedOut":"Y","service":"CONNECTSHIP_UPS.UPS.GND","shipdate":"2017-12-13","pldInfo":{"shipDate":"2017-12-13","pickupRecordNum":"1231234395","pldBookNum":"1231234","pldPageNum":"39","pldFileName":"December 13, 2017 #1","pldSeq":"1","pldSymbol":"4504"},"voided":false},{"trackingNum":"1Z6532030300039877","shipper":"D01570","msn":"18844","closedOut":"Y","service":"CONNECTSHIP_UPS.UPS.GND","shipdate":"2017-12-13","pldInfo":{"shipDate":"2017-12-13","pickupRecordNum":"1231234395","pldBookNum":"1231234","pldPageNum":"39","pldFileName":"December 13, 2017 #1","pldSeq":"1","pldSymbol":"4504"},"voided":false}],"unmanifestedPackageList":null},{"returnCode":"0","message":"No error","shipDate":"SHIPDATE_20171215","totalPackages":0,"closedOutPackages":1,"packageInfo":[{"trackingNum":"1Z6532030300039895","shipper":"D01570","msn":"18849","closedOut":"Y","service":"CONNECTSHIP_UPS.UPS.GND","shipdate":"2017-12-15","pldInfo":{"shipDate":"2017-12-15","pickupRecordNum":"1231234406","pldBookNum":"1231234","pldPageNum":"40","pldFileName":"December 15, 2017 #1","pldSeq":"1","pldSymbol":"4505"},"voided":false}],"unmanifestedPackageList":null}],"voidedPackages":[]}}
2017-12-13 11:33:22,335 [main] DEBUG enterpriseShippingToolJobs.Daos.PackageInfoDao  - update package_info set update_status_id=5 where msn in (18838,18839,18840,18841,18844,18849)
2017-12-13 11:33:23,735 [main] DEBUG enterpriseShippingToolJobs.Jobs.AutoManifest  - {shipperCode=D01380}
2017-12-13 11:33:23,735 [main] DEBUG enterpriseShippingToolJobs.Clients.ShipipngServiceClient  - end point: http://atp301p.qa.ch3.s.com:8380/ShippingServicesAPI/triggerManifestProcessing
 body: 
 {"shipperCode":"D01380"}
2017-12-13 11:33:24,223 [main] DEBUG enterpriseShippingToolJobs.Jobs.AutoManifest  - {"responseHeader":{"returnCode":"4","errorMessage":"No unprocessed ship dates to manifest","timestamp":"2017-12-13 11:33:24"},"processedPackagesResponseBody":null}
2017-12-13 11:33:24,223 [main] ERROR enterpriseShippingToolJobs.Jobs.AutoManifest  - Zero packages manifested.
2017-12-13 11:33:24,860 [main] DEBUG enterpriseShippingToolJobs.Jobs.AutoManifest  - {shipperCode=D01410}
2017-12-13 11:33:24,863 [main] DEBUG enterpriseShippingToolJobs.Clients.ShipipngServiceClient  - end point: http://atp301p.qa.ch3.s.com:8380/ShippingServicesAPI/triggerManifestProcessing
 body: 
 {"shipperCode":"D01410"}
2017-12-13 11:33:25,694 [main] DEBUG enterpriseShippingToolJobs.Jobs.AutoManifest  - {"responseHeader":{"returnCode":"4","errorMessage":"No unprocessed ship dates to manifest","timestamp":"2017-12-13 11:33:25"},"processedPackagesResponseBody":null}
2017-12-13 11:33:25,694 [main] ERROR enterpriseShippingToolJobs.Jobs.AutoManifest  - Zero packages manifested.
2017-12-13 11:33:26,343 [main] DEBUG enterpriseShippingToolJobs.Jobs.AutoManifest  - {shipperCode=K4433}
2017-12-13 11:33:26,343 [main] DEBUG enterpriseShippingToolJobs.Clients.ShipipngServiceClient  - end point: http://atp301p.qa.ch3.s.com:8380/ShippingServicesAPI/triggerManifestProcessing
 body: 
 {"shipperCode":"K4433"}
2017-12-13 11:33:28,649 [main] DEBUG enterpriseShippingToolJobs.Jobs.AutoManifest  - {"responseHeader":{"returnCode":"0","errorMessage":"SUCCESS","timestamp":"2017-12-13 11:33:28"},"processedPackagesResponseBody":{"results":[{"returnCode":"0","message":"No error","shipDate":"SHIPDATE_20171211","totalPackages":0,"closedOutPackages":1,"packageInfo":[{"trackingNum":"1Z0236Y51300002551","shipper":"K4433","msn":"18785","closedOut":"Y","service":"CONNECTSHIP_UPS.UPS.NDS","shipdate":"2017-12-11","pldInfo":{"shipDate":"2017-12-11","pickupRecordNum":"1231234616","pldBookNum":"1231234","pldPageNum":"61","pldFileName":"December 11, 2017 #1","pldSeq":"1","pldSymbol":"4506"},"voided":false}],"unmanifestedPackageList":null}],"voidedPackages":[]}}
2017-12-13 11:33:28,651 [main] DEBUG enterpriseShippingToolJobs.Daos.PackageInfoDao  - select suborderid from package_info where msn in (18785) and is_adhoc=0
2017-12-13 11:33:29,298 [main] DEBUG enterpriseShippingToolJobs.Daos.PackageInfoDao  - update package_info set update_status_id=4 where msn in (18785)
2017-12-13 11:33:30,698 [main] DEBUG enterpriseShippingToolJobs.Jobs.AutoManifest  - {shipperCode=null}
2017-12-13 11:33:30,698 [main] DEBUG enterpriseShippingToolJobs.Clients.ShipipngServiceClient  - end point: http://atp301p.qa.ch3.s.com:8380/ShippingServicesAPI/triggerManifestProcessing
 body: 
 {}
2017-12-13 11:33:32,607 [main] DEBUG enterpriseShippingToolJobs.Jobs.AutoManifest  - {"responseHeader":{"returnCode":"6","errorMessage":"Unexpected EST System Processing Error","timestamp":"2017-12-13 11:33:32"},"processedPackagesResponseBody":null}
2017-12-13 11:33:32,608 [main] ERROR enterpriseShippingToolJobs.Jobs.AutoManifest  - Error during manifest: Error occurred while processing manifest
2017-12-13 11:33:33,264 [main] DEBUG enterpriseShippingToolJobs.Jobs.AutoManifest  - {shipperCode=K0847}
2017-12-13 11:33:33,264 [main] DEBUG enterpriseShippingToolJobs.Clients.ShipipngServiceClient  - end point: http://atp301p.qa.ch3.s.com:8380/ShippingServicesAPI/triggerManifestProcessing
 body: 
 {"shipperCode":"K0847"}
2017-12-13 11:33:35,032 [main] DEBUG enterpriseShippingToolJobs.Jobs.AutoManifest  - {"responseHeader":{"returnCode":"0","errorMessage":"SUCCESS","timestamp":"2017-12-13 11:33:34"},"processedPackagesResponseBody":{"results":[{"returnCode":"0","message":"No error","shipDate":"SHIPDATE_20171213","totalPackages":0,"closedOutPackages":3,"packageInfo":[{"trackingNum":"1Z1111110300020556","shipper":"K0847","msn":"18842","closedOut":"Y","service":"CONNECTSHIP_UPS.UPS.GND","shipdate":"2017-12-13","pldInfo":{"shipDate":"2017-12-13","pickupRecordNum":"1234567272","pldBookNum":"1234567","pldPageNum":"27","pldFileName":"December 13, 2017 #3","pldSeq":"3","pldSymbol":"4507"},"voided":false},{"trackingNum":"1Z1111110300020565","shipper":"K0847","msn":"18843","closedOut":"Y","service":"CONNECTSHIP_UPS.UPS.GND","shipdate":"2017-12-13","pldInfo":{"shipDate":"2017-12-13","pickupRecordNum":"1234567272","pldBookNum":"1234567","pldPageNum":"27","pldFileName":"December 13, 2017 #3","pldSeq":"3","pldSymbol":"4507"},"voided":false},{"trackingNum":"1Z1111110300020574","shipper":"K0847","msn":"18852","closedOut":"Y","service":"CONNECTSHIP_UPS.UPS.GND","shipdate":"2017-12-13","pldInfo":{"shipDate":"2017-12-13","pickupRecordNum":"1234567272","pldBookNum":"1234567","pldPageNum":"27","pldFileName":"December 13, 2017 #3","pldSeq":"3","pldSymbol":"4507"},"voided":false}],"unmanifestedPackageList":null}],"voidedPackages":[]}}
2017-12-13 11:33:35,033 [main] DEBUG enterpriseShippingToolJobs.Daos.PackageInfoDao  - select suborderid from package_info where msn in (18842,18843,18852) and is_adhoc=0
2017-12-13 11:33:35,677 [main] DEBUG enterpriseShippingToolJobs.Clients.OrderRetrievalClient  - Update kmart order url:  http://hfqasbosysjbos1.vm.itg.corp.us.shldcorp.com:8480/MPUWEBServices/router/shippingServices/updateOrderStatusShipped/0847
2017-12-13 11:33:35,677 [main] DEBUG enterpriseShippingToolJobs.Clients.OrderRetrievalClient  - Update kmart order request:  {"storeNumber":"0847","associateId":"9999","orders":["1410281860"]}
2017-12-13 11:33:36,793 [main] DEBUG enterpriseShippingToolJobs.Clients.OrderRetrievalClient  - Update kmart order response:  {"responseCode":"200","responseDesc":"SUCCESS","responseBody":null}
2017-12-13 11:33:36,794 [main] DEBUG enterpriseShippingToolJobs.Daos.PackageInfoDao  - update package_info set update_status_id=5 where msn in (18842,18843,18852)
